2025-12-03T00:39:45.883+05:30  INFO 39478 --- [MOBILE-USER-AUTH-SERVICE] [restartedMain] c.l.user_auth.UserAuthApplication        : No active profile set, falling back to 1 default profile: "default"
2025-12-03T00:39:46.406+05:30  INFO 39478 --- [MOBILE-USER-AUTH-SERVICE] [restartedMain] .s.d.r.c.RepositoryConfigurationDelegate : Bootstrapping Spring Data JPA repositories in DEFAULT mode.
2025-12-03T00:39:46.489+05:30  INFO 39478 --- [MOBILE-USER-AUTH-SERVICE] [restartedMain] .s.d.r.c.RepositoryConfigurationDelegate : Finished Spring Data repository scanning in 80 ms. Found 3 JPA repository interfaces.
2025-12-03T00:39:46.619+05:30  INFO 39478 --- [MOBILE-USER-AUTH-SERVICE] [restartedMain] o.s.cloud.context.scope.GenericScope     : BeanFactory id=b0a170cf-6a9d-330d-9cae-5a59a5db73ca
2025-12-03T00:39:46.759+05:30  WARN 39478 --- [MOBILE-USER-AUTH-SERVICE] [restartedMain] trationDelegate$BeanPostProcessorChecker : Bean 'org.springframework.cloud.client.loadbalancer.LoadBalancerAutoConfiguration$DeferringLoadBalancerInterceptorConfig' of type [org.springframework.cloud.client.loadbalancer.LoadBalancerAutoConfiguration$DeferringLoadBalancerInterceptorConfig] is not eligible for getting processed by all BeanPostProcessors (for example: not eligible for auto-proxying). The currently created BeanPostProcessor [lbRestClientPostProcessor] is declared through a non-static factory method on that class; consider declaring it as static instead.
2025-12-03T00:39:46.760+05:30  WARN 39478 --- [MOBILE-USER-AUTH-SERVICE] [restartedMain] trationDelegate$BeanPostProcessorChecker : Bean 'deferringLoadBalancerInterceptor' of type [org.springframework.cloud.client.loadbalancer.DeferringLoadBalancerInterceptor] is not eligible for getting processed by all BeanPostProcessors (for example: not eligible for auto-proxying). Is this bean getting eagerly injected into a currently created BeanPostProcessor [lbRestClientPostProcessor]? Check the corresponding BeanPostProcessor declaration and its dependencies.
2025-12-03T00:39:46.762+05:30  WARN 39478 --- [MOBILE-USER-AUTH-SERVICE] [restartedMain] trationDelegate$BeanPostProcessorChecker : Bean 'org.springframework.cloud.client.loadbalancer.reactive.LoadBalancerBeanPostProcessorAutoConfiguration' of type [org.springframework.cloud.client.loadbalancer.reactive.LoadBalancerBeanPostProcessorAutoConfiguration] is not eligible for getting processed by all BeanPostProcessors (for example: not eligible for auto-proxying). The currently created BeanPostProcessor [loadBalancerWebClientBuilderBeanPostProcessor] is declared through a non-static factory method on that class; consider declaring it as static instead.
2025-12-03T00:39:46.763+05:30  WARN 39478 --- [MOBILE-USER-AUTH-SERVICE] [restartedMain] trationDelegate$BeanPostProcessorChecker : Bean 'org.springframework.cloud.client.loadbalancer.reactive.LoadBalancerBeanPostProcessorAutoConfiguration$ReactorDeferringLoadBalancerFilterConfig' of type [org.springframework.cloud.client.loadbalancer.reactive.LoadBalancerBeanPostProcessorAutoConfiguration$ReactorDeferringLoadBalancerFilterConfig] is not eligible for getting processed by all BeanPostProcessors (for example: not eligible for auto-proxying). Is this bean getting eagerly injected into a currently created BeanPostProcessor [loadBalancerWebClientBuilderBeanPostProcessor]? Check the corresponding BeanPostProcessor declaration and its dependencies.
2025-12-03T00:39:46.764+05:30  WARN 39478 --- [MOBILE-USER-AUTH-SERVICE] [restartedMain] trationDelegate$BeanPostProcessorChecker : Bean 'reactorDeferringLoadBalancerExchangeFilterFunction' of type [org.springframework.cloud.client.loadbalancer.reactive.DeferringLoadBalancerExchangeFilterFunction] is not eligible for getting processed by all BeanPostProcessors (for example: not eligible for auto-proxying). Is this bean getting eagerly injected into a currently created BeanPostProcessor [loadBalancerWebClientBuilderBeanPostProcessor]? Check the corresponding BeanPostProcessor declaration and its dependencies.
2025-12-03T00:39:46.998+05:30  INFO 39478 --- [MOBILE-USER-AUTH-SERVICE] [restartedMain] o.s.b.w.embedded.tomcat.TomcatWebServer  : Tomcat initialized with port 8080 (http)
2025-12-03T00:39:47.006+05:30  INFO 39478 --- [MOBILE-USER-AUTH-SERVICE] [restartedMain] o.apache.catalina.core.StandardService   : Starting service [Tomcat]
2025-12-03T00:39:47.006+05:30  INFO 39478 --- [MOBILE-USER-AUTH-SERVICE] [restartedMain] o.apache.catalina.core.StandardEngine    : Starting Servlet engine: [Apache Tomcat/10.1.24]
2025-12-03T00:39:47.033+05:30  INFO 39478 --- [MOBILE-USER-AUTH-SERVICE] [restartedMain] o.a.c.c.C.[Tomcat].[localhost].[/api]    : Initializing Spring embedded WebApplicationContext
2025-12-03T00:39:47.036+05:30  INFO 39478 --- [MOBILE-USER-AUTH-SERVICE] [restartedMain] w.s.c.ServletWebServerApplicationContext : Root WebApplicationContext: initialization completed in 1148 ms
2025-12-03T00:39:47.243+05:30  INFO 39478 --- [MOBILE-USER-AUTH-SERVICE] [restartedMain] com.zaxxer.hikari.HikariDataSource       : UserAuthHikariCP - Starting...
2025-12-03T00:39:47.344+05:30  INFO 39478 --- [MOBILE-USER-AUTH-SERVICE] [restartedMain] com.zaxxer.hikari.pool.HikariPool        : UserAuthHikariCP - Added connection org.postgresql.jdbc.PgConnection@2b6f9740
2025-12-03T00:39:47.344+05:30  INFO 39478 --- [MOBILE-USER-AUTH-SERVICE] [restartedMain] com.zaxxer.hikari.HikariDataSource       : UserAuthHikariCP - Start completed.
2025-12-03T00:39:47.360+05:30  INFO 39478 --- [MOBILE-USER-AUTH-SERVICE] [restartedMain] org.flywaydb.core.FlywayExecutor         : Database: jdbc:postgresql://localhost:5432/mobile_user_auth_db (PostgreSQL 16.2)
2025-12-03T00:39:47.392+05:30  INFO 39478 --- [MOBILE-USER-AUTH-SERVICE] [restartedMain] o.f.core.internal.command.DbValidate     : Successfully validated 2 migrations (execution time 00:00.019s)
2025-12-03T00:39:47.430+05:30  INFO 39478 --- [MOBILE-USER-AUTH-SERVICE] [restartedMain] o.f.core.internal.command.DbMigrate      : Current version of schema "public": 2
2025-12-03T00:39:47.431+05:30  INFO 39478 --- [MOBILE-USER-AUTH-SERVICE] [restartedMain] o.f.core.internal.command.DbMigrate      : Schema "public" is up to date. No migration necessary.
2025-12-03T00:39:47.481+05:30  INFO 39478 --- [MOBILE-USER-AUTH-SERVICE] [restartedMain] o.hibernate.jpa.internal.util.LogHelper  : HHH000204: Processing PersistenceUnitInfo [name: default]
2025-12-03T00:39:47.514+05:30  INFO 39478 --- [MOBILE-USER-AUTH-SERVICE] [restartedMain] org.hibernate.Version                    : HHH000412: Hibernate ORM core version 6.5.2.Final
2025-12-03T00:39:47.533+05:30  INFO 39478 --- [MOBILE-USER-AUTH-SERVICE] [restartedMain] o.h.c.internal.RegionFactoryInitiator    : HHH000026: Second-level cache disabled
2025-12-03T00:39:47.642+05:30  INFO 39478 --- [MOBILE-USER-AUTH-SERVICE] [restartedMain] o.s.o.j.p.SpringPersistenceUnitInfo      : No LoadTimeWeaver setup: ignoring JPA class transformer
2025-12-03T00:39:47.664+05:30  WARN 39478 --- [MOBILE-USER-AUTH-SERVICE] [restartedMain] org.hibernate.orm.deprecation            : HHH90000025: PostgreSQLDialect does not need to be specified explicitly using 'hibernate.dialect' (remove the property setting and it will be selected by default)
2025-12-03T00:39:48.033+05:30  INFO 39478 --- [MOBILE-USER-AUTH-SERVICE] [restartedMain] o.h.e.t.j.p.i.JtaPlatformInitiator       : HHH000489: No JTA platform available (set 'hibernate.transaction.jta.platform' to enable JTA platform integration)
2025-12-03T00:39:48.067+05:30  INFO 39478 --- [MOBILE-USER-AUTH-SERVICE] [restartedMain] j.LocalContainerEntityManagerFactoryBean : Initialized JPA EntityManagerFactory for persistence unit 'default'
2025-12-03T00:39:48.182+05:30  INFO 39478 --- [MOBILE-USER-AUTH-SERVICE] [restartedMain] o.s.d.j.r.query.QueryEnhancerFactory     : Hibernate is in classpath; If applicable, HQL parser will be used.
2025-12-03T00:39:48.397+05:30 DEBUG 39478 --- [MOBILE-USER-AUTH-SERVICE] [restartedMain] c.l.u.security.JwtAuthenticationFilter   : Filter 'jwtAuthenticationFilter' configured for use
2025-12-03T00:39:48.476+05:30  INFO 39478 --- [MOBILE-USER-AUTH-SERVICE] [restartedMain] c.l.u.service.impl.EmailServiceImpl      : Email templates loaded successfully
2025-12-03T00:39:48.481+05:30  WARN 39478 --- [MOBILE-USER-AUTH-SERVICE] [restartedMain] c.l.u.s.impl.GoogleOAuthServiceImpl      : Google OAuth is disabled or no client IDs configured
2025-12-03T00:39:48.483+05:30  WARN 39478 --- [MOBILE-USER-AUTH-SERVICE] [restartedMain] ConfigServletWebServerApplicationContext : Exception encountered during context initialization - cancelling refresh attempt: org.springframework.beans.factory.UnsatisfiedDependencyException: Error creating bean with name 'authController' defined in file [/Users/pramithajayasooriya/Desktop/mobile/user-auth/target/classes/com/lifepill/user_auth/controller/AuthController.class]: Unsatisfied dependency expressed through constructor parameter 0: Error creating bean with name 'authServiceImpl' defined in file [/Users/pramithajayasooriya/Desktop/mobile/user-auth/target/classes/com/lifepill/user_auth/service/impl/AuthServiceImpl.class]: Unsatisfied dependency expressed through constructor parameter 6: Error creating bean with name 'userMapper' defined in file [/Users/pramithajayasooriya/Desktop/mobile/user-auth/target/classes/com/lifepill/user_auth/mapper/UserMapper.class]: Unsatisfied dependency expressed through constructor parameter 0: No qualifying bean of type 'com.lifepill.user_auth.mapper.UserMapStructMapper' available: expected at least 1 bean which qualifies as autowire candidate. Dependency annotations: {}
2025-12-03T00:39:48.484+05:30  INFO 39478 --- [MOBILE-USER-AUTH-SERVICE] [restartedMain] j.LocalContainerEntityManagerFactoryBean : Closing JPA EntityManagerFactory for persistence unit 'default'
2025-12-03T00:39:48.485+05:30  INFO 39478 --- [MOBILE-USER-AUTH-SERVICE] [restartedMain] com.zaxxer.hikari.HikariDataSource       : UserAuthHikariCP - Shutdown initiated...
2025-12-03T00:39:48.486+05:30  INFO 39478 --- [MOBILE-USER-AUTH-SERVICE] [restartedMain] com.zaxxer.hikari.HikariDataSource       : UserAuthHikariCP - Shutdown completed.
2025-12-03T00:39:48.488+05:30  INFO 39478 --- [MOBILE-USER-AUTH-SERVICE] [restartedMain] o.apache.catalina.core.StandardService   : Stopping service [Tomcat]
2025-12-03T00:39:48.501+05:30  INFO 39478 --- [MOBILE-USER-AUTH-SERVICE] [restartedMain] .s.b.a.l.ConditionEvaluationReportLogger : 

Error starting ApplicationContext. To display the condition evaluation report re-run your application with 'debug' enabled.
2025-12-03T00:39:48.539+05:30 ERROR 39478 --- [MOBILE-USER-AUTH-SERVICE] [restartedMain] o.s.b.d.LoggingFailureAnalysisReporter   : 

***************************
APPLICATION FAILED TO START
***************************

Description:

Parameter 0 of constructor in com.lifepill.user_auth.mapper.UserMapper required a bean of type 'com.lifepill.user_auth.mapper.UserMapStructMapper' that could not be found.


Action:

Consider defining a bean of type 'com.lifepill.user_auth.mapper.UserMapStructMapper' in your configuration.

2025-12-03T00:40:11.526+05:30  INFO 40000 --- [MOBILE-USER-AUTH-SERVICE] [restartedMain] c.l.user_auth.UserAuthApplication        : No active profile set, falling back to 1 default profile: "default"
2025-12-03T00:40:12.025+05:30  INFO 40000 --- [MOBILE-USER-AUTH-SERVICE] [restartedMain] .s.d.r.c.RepositoryConfigurationDelegate : Bootstrapping Spring Data JPA repositories in DEFAULT mode.
2025-12-03T00:40:12.106+05:30  INFO 40000 --- [MOBILE-USER-AUTH-SERVICE] [restartedMain] .s.d.r.c.RepositoryConfigurationDelegate : Finished Spring Data repository scanning in 77 ms. Found 3 JPA repository interfaces.
2025-12-03T00:40:12.231+05:30  INFO 40000 --- [MOBILE-USER-AUTH-SERVICE] [restartedMain] o.s.cloud.context.scope.GenericScope     : BeanFactory id=b0a170cf-6a9d-330d-9cae-5a59a5db73ca
2025-12-03T00:40:12.362+05:30  WARN 40000 --- [MOBILE-USER-AUTH-SERVICE] [restartedMain] trationDelegate$BeanPostProcessorChecker : Bean 'org.springframework.cloud.client.loadbalancer.LoadBalancerAutoConfiguration$DeferringLoadBalancerInterceptorConfig' of type [org.springframework.cloud.client.loadbalancer.LoadBalancerAutoConfiguration$DeferringLoadBalancerInterceptorConfig] is not eligible for getting processed by all BeanPostProcessors (for example: not eligible for auto-proxying). The currently created BeanPostProcessor [lbRestClientPostProcessor] is declared through a non-static factory method on that class; consider declaring it as static instead.
2025-12-03T00:40:12.364+05:30  WARN 40000 --- [MOBILE-USER-AUTH-SERVICE] [restartedMain] trationDelegate$BeanPostProcessorChecker : Bean 'deferringLoadBalancerInterceptor' of type [org.springframework.cloud.client.loadbalancer.DeferringLoadBalancerInterceptor] is not eligible for getting processed by all BeanPostProcessors (for example: not eligible for auto-proxying). Is this bean getting eagerly injected into a currently created BeanPostProcessor [lbRestClientPostProcessor]? Check the corresponding BeanPostProcessor declaration and its dependencies.
2025-12-03T00:40:12.366+05:30  WARN 40000 --- [MOBILE-USER-AUTH-SERVICE] [restartedMain] trationDelegate$BeanPostProcessorChecker : Bean 'org.springframework.cloud.client.loadbalancer.reactive.LoadBalancerBeanPostProcessorAutoConfiguration' of type [org.springframework.cloud.client.loadbalancer.reactive.LoadBalancerBeanPostProcessorAutoConfiguration] is not eligible for getting processed by all BeanPostProcessors (for example: not eligible for auto-proxying). The currently created BeanPostProcessor [loadBalancerWebClientBuilderBeanPostProcessor] is declared through a non-static factory method on that class; consider declaring it as static instead.
2025-12-03T00:40:12.367+05:30  WARN 40000 --- [MOBILE-USER-AUTH-SERVICE] [restartedMain] trationDelegate$BeanPostProcessorChecker : Bean 'org.springframework.cloud.client.loadbalancer.reactive.LoadBalancerBeanPostProcessorAutoConfiguration$ReactorDeferringLoadBalancerFilterConfig' of type [org.springframework.cloud.client.loadbalancer.reactive.LoadBalancerBeanPostProcessorAutoConfiguration$ReactorDeferringLoadBalancerFilterConfig] is not eligible for getting processed by all BeanPostProcessors (for example: not eligible for auto-proxying). Is this bean getting eagerly injected into a currently created BeanPostProcessor [loadBalancerWebClientBuilderBeanPostProcessor]? Check the corresponding BeanPostProcessor declaration and its dependencies.
2025-12-03T00:40:12.368+05:30  WARN 40000 --- [MOBILE-USER-AUTH-SERVICE] [restartedMain] trationDelegate$BeanPostProcessorChecker : Bean 'reactorDeferringLoadBalancerExchangeFilterFunction' of type [org.springframework.cloud.client.loadbalancer.reactive.DeferringLoadBalancerExchangeFilterFunction] is not eligible for getting processed by all BeanPostProcessors (for example: not eligible for auto-proxying). Is this bean getting eagerly injected into a currently created BeanPostProcessor [loadBalancerWebClientBuilderBeanPostProcessor]? Check the corresponding BeanPostProcessor declaration and its dependencies.
2025-12-03T00:40:12.589+05:30  INFO 40000 --- [MOBILE-USER-AUTH-SERVICE] [restartedMain] o.s.b.w.embedded.tomcat.TomcatWebServer  : Tomcat initialized with port 8080 (http)
2025-12-03T00:40:12.595+05:30  INFO 40000 --- [MOBILE-USER-AUTH-SERVICE] [restartedMain] o.apache.catalina.core.StandardService   : Starting service [Tomcat]
2025-12-03T00:40:12.595+05:30  INFO 40000 --- [MOBILE-USER-AUTH-SERVICE] [restartedMain] o.apache.catalina.core.StandardEngine    : Starting Servlet engine: [Apache Tomcat/10.1.24]
2025-12-03T00:40:12.621+05:30  INFO 40000 --- [MOBILE-USER-AUTH-SERVICE] [restartedMain] o.a.c.c.C.[Tomcat].[localhost].[/api]    : Initializing Spring embedded WebApplicationContext
2025-12-03T00:40:12.621+05:30  INFO 40000 --- [MOBILE-USER-AUTH-SERVICE] [restartedMain] w.s.c.ServletWebServerApplicationContext : Root WebApplicationContext: initialization completed in 1089 ms
2025-12-03T00:40:12.817+05:30  INFO 40000 --- [MOBILE-USER-AUTH-SERVICE] [restartedMain] com.zaxxer.hikari.HikariDataSource       : UserAuthHikariCP - Starting...
2025-12-03T00:40:12.898+05:30  INFO 40000 --- [MOBILE-USER-AUTH-SERVICE] [restartedMain] com.zaxxer.hikari.pool.HikariPool        : UserAuthHikariCP - Added connection org.postgresql.jdbc.PgConnection@1f120471
2025-12-03T00:40:12.899+05:30  INFO 40000 --- [MOBILE-USER-AUTH-SERVICE] [restartedMain] com.zaxxer.hikari.HikariDataSource       : UserAuthHikariCP - Start completed.
2025-12-03T00:40:12.911+05:30  INFO 40000 --- [MOBILE-USER-AUTH-SERVICE] [restartedMain] org.flywaydb.core.FlywayExecutor         : Database: jdbc:postgresql://localhost:5432/mobile_user_auth_db (PostgreSQL 16.2)
2025-12-03T00:40:12.936+05:30  INFO 40000 --- [MOBILE-USER-AUTH-SERVICE] [restartedMain] o.f.core.internal.command.DbValidate     : Successfully validated 2 migrations (execution time 00:00.016s)
2025-12-03T00:40:12.962+05:30  INFO 40000 --- [MOBILE-USER-AUTH-SERVICE] [restartedMain] o.f.core.internal.command.DbMigrate      : Current version of schema "public": 2
2025-12-03T00:40:12.963+05:30  INFO 40000 --- [MOBILE-USER-AUTH-SERVICE] [restartedMain] o.f.core.internal.command.DbMigrate      : Schema "public" is up to date. No migration necessary.
2025-12-03T00:40:13.011+05:30  INFO 40000 --- [MOBILE-USER-AUTH-SERVICE] [restartedMain] o.hibernate.jpa.internal.util.LogHelper  : HHH000204: Processing PersistenceUnitInfo [name: default]
2025-12-03T00:40:13.036+05:30  INFO 40000 --- [MOBILE-USER-AUTH-SERVICE] [restartedMain] org.hibernate.Version                    : HHH000412: Hibernate ORM core version 6.5.2.Final
2025-12-03T00:40:13.053+05:30  INFO 40000 --- [MOBILE-USER-AUTH-SERVICE] [restartedMain] o.h.c.internal.RegionFactoryInitiator    : HHH000026: Second-level cache disabled
2025-12-03T00:40:13.163+05:30  INFO 40000 --- [MOBILE-USER-AUTH-SERVICE] [restartedMain] o.s.o.j.p.SpringPersistenceUnitInfo      : No LoadTimeWeaver setup: ignoring JPA class transformer
2025-12-03T00:40:13.186+05:30  WARN 40000 --- [MOBILE-USER-AUTH-SERVICE] [restartedMain] org.hibernate.orm.deprecation            : HHH90000025: PostgreSQLDialect does not need to be specified explicitly using 'hibernate.dialect' (remove the property setting and it will be selected by default)
2025-12-03T00:40:13.540+05:30  INFO 40000 --- [MOBILE-USER-AUTH-SERVICE] [restartedMain] o.h.e.t.j.p.i.JtaPlatformInitiator       : HHH000489: No JTA platform available (set 'hibernate.transaction.jta.platform' to enable JTA platform integration)
2025-12-03T00:40:13.567+05:30  INFO 40000 --- [MOBILE-USER-AUTH-SERVICE] [restartedMain] j.LocalContainerEntityManagerFactoryBean : Initialized JPA EntityManagerFactory for persistence unit 'default'
2025-12-03T00:40:13.684+05:30  INFO 40000 --- [MOBILE-USER-AUTH-SERVICE] [restartedMain] o.s.d.j.r.query.QueryEnhancerFactory     : Hibernate is in classpath; If applicable, HQL parser will be used.
2025-12-03T00:40:13.900+05:30 DEBUG 40000 --- [MOBILE-USER-AUTH-SERVICE] [restartedMain] c.l.u.security.JwtAuthenticationFilter   : Filter 'jwtAuthenticationFilter' configured for use
2025-12-03T00:40:13.983+05:30  INFO 40000 --- [MOBILE-USER-AUTH-SERVICE] [restartedMain] c.l.u.service.impl.EmailServiceImpl      : Email templates loaded successfully
2025-12-03T00:40:13.988+05:30  WARN 40000 --- [MOBILE-USER-AUTH-SERVICE] [restartedMain] c.l.u.s.impl.GoogleOAuthServiceImpl      : Google OAuth is disabled or no client IDs configured
2025-12-03T00:40:13.992+05:30  WARN 40000 --- [MOBILE-USER-AUTH-SERVICE] [restartedMain] ConfigServletWebServerApplicationContext : Exception encountered during context initialization - cancelling refresh attempt: org.springframework.beans.factory.UnsatisfiedDependencyException: Error creating bean with name 'authController' defined in file [/Users/pramithajayasooriya/Desktop/mobile/user-auth/target/classes/com/lifepill/user_auth/controller/AuthController.class]: Unsatisfied dependency expressed through constructor parameter 0: Error creating bean with name 'authServiceImpl' defined in file [/Users/pramithajayasooriya/Desktop/mobile/user-auth/target/classes/com/lifepill/user_auth/service/impl/AuthServiceImpl.class]: Unsatisfied dependency expressed through constructor parameter 6: Error creating bean with name 'userMapper' defined in file [/Users/pramithajayasooriya/Desktop/mobile/user-auth/target/classes/com/lifepill/user_auth/mapper/UserMapper.class]: Unsatisfied dependency expressed through constructor parameter 0: No qualifying bean of type 'com.lifepill.user_auth.mapper.UserMapStructMapper' available: expected at least 1 bean which qualifies as autowire candidate. Dependency annotations: {}
2025-12-03T00:40:13.993+05:30  INFO 40000 --- [MOBILE-USER-AUTH-SERVICE] [restartedMain] j.LocalContainerEntityManagerFactoryBean : Closing JPA EntityManagerFactory for persistence unit 'default'
2025-12-03T00:40:13.994+05:30  INFO 40000 --- [MOBILE-USER-AUTH-SERVICE] [restartedMain] com.zaxxer.hikari.HikariDataSource       : UserAuthHikariCP - Shutdown initiated...
2025-12-03T00:40:13.995+05:30  INFO 40000 --- [MOBILE-USER-AUTH-SERVICE] [restartedMain] com.zaxxer.hikari.HikariDataSource       : UserAuthHikariCP - Shutdown completed.
2025-12-03T00:40:13.997+05:30  INFO 40000 --- [MOBILE-USER-AUTH-SERVICE] [restartedMain] o.apache.catalina.core.StandardService   : Stopping service [Tomcat]
2025-12-03T00:40:14.012+05:30  INFO 40000 --- [MOBILE-USER-AUTH-SERVICE] [restartedMain] .s.b.a.l.ConditionEvaluationReportLogger : 

Error starting ApplicationContext. To display the condition evaluation report re-run your application with 'debug' enabled.
2025-12-03T00:40:14.048+05:30 ERROR 40000 --- [MOBILE-USER-AUTH-SERVICE] [restartedMain] o.s.b.d.LoggingFailureAnalysisReporter   : 

***************************
APPLICATION FAILED TO START
***************************

Description:

Parameter 0 of constructor in com.lifepill.user_auth.mapper.UserMapper required a bean of type 'com.lifepill.user_auth.mapper.UserMapStructMapper' that could not be found.


Action:

Consider defining a bean of type 'com.lifepill.user_auth.mapper.UserMapStructMapper' in your configuration.

2025-12-03T00:40:27.919+05:30  INFO 40263 --- [MOBILE-USER-AUTH-SERVICE] [restartedMain] c.l.user_auth.UserAuthApplication        : No active profile set, falling back to 1 default profile: "default"
2025-12-03T00:40:28.399+05:30  INFO 40263 --- [MOBILE-USER-AUTH-SERVICE] [restartedMain] .s.d.r.c.RepositoryConfigurationDelegate : Bootstrapping Spring Data JPA repositories in DEFAULT mode.
2025-12-03T00:40:28.487+05:30  INFO 40263 --- [MOBILE-USER-AUTH-SERVICE] [restartedMain] .s.d.r.c.RepositoryConfigurationDelegate : Finished Spring Data repository scanning in 84 ms. Found 3 JPA repository interfaces.
2025-12-03T00:40:28.602+05:30  INFO 40263 --- [MOBILE-USER-AUTH-SERVICE] [restartedMain] o.s.cloud.context.scope.GenericScope     : BeanFactory id=b0a170cf-6a9d-330d-9cae-5a59a5db73ca
2025-12-03T00:40:28.728+05:30  WARN 40263 --- [MOBILE-USER-AUTH-SERVICE] [restartedMain] trationDelegate$BeanPostProcessorChecker : Bean 'org.springframework.cloud.client.loadbalancer.LoadBalancerAutoConfiguration$DeferringLoadBalancerInterceptorConfig' of type [org.springframework.cloud.client.loadbalancer.LoadBalancerAutoConfiguration$DeferringLoadBalancerInterceptorConfig] is not eligible for getting processed by all BeanPostProcessors (for example: not eligible for auto-proxying). The currently created BeanPostProcessor [lbRestClientPostProcessor] is declared through a non-static factory method on that class; consider declaring it as static instead.
2025-12-03T00:40:28.730+05:30  WARN 40263 --- [MOBILE-USER-AUTH-SERVICE] [restartedMain] trationDelegate$BeanPostProcessorChecker : Bean 'deferringLoadBalancerInterceptor' of type [org.springframework.cloud.client.loadbalancer.DeferringLoadBalancerInterceptor] is not eligible for getting processed by all BeanPostProcessors (for example: not eligible for auto-proxying). Is this bean getting eagerly injected into a currently created BeanPostProcessor [lbRestClientPostProcessor]? Check the corresponding BeanPostProcessor declaration and its dependencies.
2025-12-03T00:40:28.732+05:30  WARN 40263 --- [MOBILE-USER-AUTH-SERVICE] [restartedMain] trationDelegate$BeanPostProcessorChecker : Bean 'org.springframework.cloud.client.loadbalancer.reactive.LoadBalancerBeanPostProcessorAutoConfiguration' of type [org.springframework.cloud.client.loadbalancer.reactive.LoadBalancerBeanPostProcessorAutoConfiguration] is not eligible for getting processed by all BeanPostProcessors (for example: not eligible for auto-proxying). The currently created BeanPostProcessor [loadBalancerWebClientBuilderBeanPostProcessor] is declared through a non-static factory method on that class; consider declaring it as static instead.
2025-12-03T00:40:28.733+05:30  WARN 40263 --- [MOBILE-USER-AUTH-SERVICE] [restartedMain] trationDelegate$BeanPostProcessorChecker : Bean 'org.springframework.cloud.client.loadbalancer.reactive.LoadBalancerBeanPostProcessorAutoConfiguration$ReactorDeferringLoadBalancerFilterConfig' of type [org.springframework.cloud.client.loadbalancer.reactive.LoadBalancerBeanPostProcessorAutoConfiguration$ReactorDeferringLoadBalancerFilterConfig] is not eligible for getting processed by all BeanPostProcessors (for example: not eligible for auto-proxying). Is this bean getting eagerly injected into a currently created BeanPostProcessor [loadBalancerWebClientBuilderBeanPostProcessor]? Check the corresponding BeanPostProcessor declaration and its dependencies.
2025-12-03T00:40:28.734+05:30  WARN 40263 --- [MOBILE-USER-AUTH-SERVICE] [restartedMain] trationDelegate$BeanPostProcessorChecker : Bean 'reactorDeferringLoadBalancerExchangeFilterFunction' of type [org.springframework.cloud.client.loadbalancer.reactive.DeferringLoadBalancerExchangeFilterFunction] is not eligible for getting processed by all BeanPostProcessors (for example: not eligible for auto-proxying). Is this bean getting eagerly injected into a currently created BeanPostProcessor [loadBalancerWebClientBuilderBeanPostProcessor]? Check the corresponding BeanPostProcessor declaration and its dependencies.
2025-12-03T00:40:28.936+05:30  INFO 40263 --- [MOBILE-USER-AUTH-SERVICE] [restartedMain] o.s.b.w.embedded.tomcat.TomcatWebServer  : Tomcat initialized with port 8080 (http)
2025-12-03T00:40:28.940+05:30  INFO 40263 --- [MOBILE-USER-AUTH-SERVICE] [restartedMain] o.apache.catalina.core.StandardService   : Starting service [Tomcat]
2025-12-03T00:40:28.940+05:30  INFO 40263 --- [MOBILE-USER-AUTH-SERVICE] [restartedMain] o.apache.catalina.core.StandardEngine    : Starting Servlet engine: [Apache Tomcat/10.1.24]
2025-12-03T00:40:28.966+05:30  INFO 40263 --- [MOBILE-USER-AUTH-SERVICE] [restartedMain] o.a.c.c.C.[Tomcat].[localhost].[/api]    : Initializing Spring embedded WebApplicationContext
2025-12-03T00:40:28.966+05:30  INFO 40263 --- [MOBILE-USER-AUTH-SERVICE] [restartedMain] w.s.c.ServletWebServerApplicationContext : Root WebApplicationContext: initialization completed in 1042 ms
2025-12-03T00:40:29.165+05:30  INFO 40263 --- [MOBILE-USER-AUTH-SERVICE] [restartedMain] com.zaxxer.hikari.HikariDataSource       : UserAuthHikariCP - Starting...
2025-12-03T00:40:29.238+05:30  INFO 40263 --- [MOBILE-USER-AUTH-SERVICE] [restartedMain] com.zaxxer.hikari.pool.HikariPool        : UserAuthHikariCP - Added connection org.postgresql.jdbc.PgConnection@216631ef
2025-12-03T00:40:29.239+05:30  INFO 40263 --- [MOBILE-USER-AUTH-SERVICE] [restartedMain] com.zaxxer.hikari.HikariDataSource       : UserAuthHikariCP - Start completed.
2025-12-03T00:40:29.250+05:30  INFO 40263 --- [MOBILE-USER-AUTH-SERVICE] [restartedMain] org.flywaydb.core.FlywayExecutor         : Database: jdbc:postgresql://localhost:5432/mobile_user_auth_db (PostgreSQL 16.2)
2025-12-03T00:40:29.275+05:30  INFO 40263 --- [MOBILE-USER-AUTH-SERVICE] [restartedMain] o.f.core.internal.command.DbValidate     : Successfully validated 2 migrations (execution time 00:00.014s)
2025-12-03T00:40:29.299+05:30  INFO 40263 --- [MOBILE-USER-AUTH-SERVICE] [restartedMain] o.f.core.internal.command.DbMigrate      : Current version of schema "public": 2
2025-12-03T00:40:29.300+05:30  INFO 40263 --- [MOBILE-USER-AUTH-SERVICE] [restartedMain] o.f.core.internal.command.DbMigrate      : Schema "public" is up to date. No migration necessary.
2025-12-03T00:40:29.343+05:30  INFO 40263 --- [MOBILE-USER-AUTH-SERVICE] [restartedMain] o.hibernate.jpa.internal.util.LogHelper  : HHH000204: Processing PersistenceUnitInfo [name: default]
2025-12-03T00:40:29.364+05:30  INFO 40263 --- [MOBILE-USER-AUTH-SERVICE] [restartedMain] org.hibernate.Version                    : HHH000412: Hibernate ORM core version 6.5.2.Final
2025-12-03T00:40:29.378+05:30  INFO 40263 --- [MOBILE-USER-AUTH-SERVICE] [restartedMain] o.h.c.internal.RegionFactoryInitiator    : HHH000026: Second-level cache disabled
2025-12-03T00:40:29.481+05:30  INFO 40263 --- [MOBILE-USER-AUTH-SERVICE] [restartedMain] o.s.o.j.p.SpringPersistenceUnitInfo      : No LoadTimeWeaver setup: ignoring JPA class transformer
2025-12-03T00:40:29.501+05:30  WARN 40263 --- [MOBILE-USER-AUTH-SERVICE] [restartedMain] org.hibernate.orm.deprecation            : HHH90000025: PostgreSQLDialect does not need to be specified explicitly using 'hibernate.dialect' (remove the property setting and it will be selected by default)
2025-12-03T00:40:29.857+05:30  INFO 40263 --- [MOBILE-USER-AUTH-SERVICE] [restartedMain] o.h.e.t.j.p.i.JtaPlatformInitiator       : HHH000489: No JTA platform available (set 'hibernate.transaction.jta.platform' to enable JTA platform integration)
2025-12-03T00:40:29.885+05:30  INFO 40263 --- [MOBILE-USER-AUTH-SERVICE] [restartedMain] j.LocalContainerEntityManagerFactoryBean : Initialized JPA EntityManagerFactory for persistence unit 'default'
2025-12-03T00:40:29.993+05:30  INFO 40263 --- [MOBILE-USER-AUTH-SERVICE] [restartedMain] o.s.d.j.r.query.QueryEnhancerFactory     : Hibernate is in classpath; If applicable, HQL parser will be used.
2025-12-03T00:40:30.211+05:30 DEBUG 40263 --- [MOBILE-USER-AUTH-SERVICE] [restartedMain] c.l.u.security.JwtAuthenticationFilter   : Filter 'jwtAuthenticationFilter' configured for use
2025-12-03T00:40:30.291+05:30  INFO 40263 --- [MOBILE-USER-AUTH-SERVICE] [restartedMain] c.l.u.service.impl.EmailServiceImpl      : Email templates loaded successfully
2025-12-03T00:40:30.295+05:30  WARN 40263 --- [MOBILE-USER-AUTH-SERVICE] [restartedMain] c.l.u.s.impl.GoogleOAuthServiceImpl      : Google OAuth is disabled or no client IDs configured
2025-12-03T00:40:30.298+05:30  WARN 40263 --- [MOBILE-USER-AUTH-SERVICE] [restartedMain] ConfigServletWebServerApplicationContext : Exception encountered during context initialization - cancelling refresh attempt: org.springframework.beans.factory.UnsatisfiedDependencyException: Error creating bean with name 'authController' defined in file [/Users/pramithajayasooriya/Desktop/mobile/user-auth/target/classes/com/lifepill/user_auth/controller/AuthController.class]: Unsatisfied dependency expressed through constructor parameter 0: Error creating bean with name 'authServiceImpl' defined in file [/Users/pramithajayasooriya/Desktop/mobile/user-auth/target/classes/com/lifepill/user_auth/service/impl/AuthServiceImpl.class]: Unsatisfied dependency expressed through constructor parameter 6: Error creating bean with name 'userMapper' defined in file [/Users/pramithajayasooriya/Desktop/mobile/user-auth/target/classes/com/lifepill/user_auth/mapper/UserMapper.class]: Unsatisfied dependency expressed through constructor parameter 0: No qualifying bean of type 'com.lifepill.user_auth.mapper.UserMapStructMapper' available: expected at least 1 bean which qualifies as autowire candidate. Dependency annotations: {}
2025-12-03T00:40:30.299+05:30  INFO 40263 --- [MOBILE-USER-AUTH-SERVICE] [restartedMain] j.LocalContainerEntityManagerFactoryBean : Closing JPA EntityManagerFactory for persistence unit 'default'
2025-12-03T00:40:30.300+05:30  INFO 40263 --- [MOBILE-USER-AUTH-SERVICE] [restartedMain] com.zaxxer.hikari.HikariDataSource       : UserAuthHikariCP - Shutdown initiated...
2025-12-03T00:40:30.301+05:30  INFO 40263 --- [MOBILE-USER-AUTH-SERVICE] [restartedMain] com.zaxxer.hikari.HikariDataSource       : UserAuthHikariCP - Shutdown completed.
2025-12-03T00:40:30.302+05:30  INFO 40263 --- [MOBILE-USER-AUTH-SERVICE] [restartedMain] o.apache.catalina.core.StandardService   : Stopping service [Tomcat]
2025-12-03T00:40:30.315+05:30  INFO 40263 --- [MOBILE-USER-AUTH-SERVICE] [restartedMain] .s.b.a.l.ConditionEvaluationReportLogger : 

Error starting ApplicationContext. To display the condition evaluation report re-run your application with 'debug' enabled.
2025-12-03T00:40:30.348+05:30 ERROR 40263 --- [MOBILE-USER-AUTH-SERVICE] [restartedMain] o.s.b.d.LoggingFailureAnalysisReporter   : 

***************************
APPLICATION FAILED TO START
***************************

Description:

Parameter 0 of constructor in com.lifepill.user_auth.mapper.UserMapper required a bean of type 'com.lifepill.user_auth.mapper.UserMapStructMapper' that could not be found.


Action:

Consider defining a bean of type 'com.lifepill.user_auth.mapper.UserMapStructMapper' in your configuration.

